Unity Editor version:    2022.3.10f1 (ff3792e53c62)
Branch:                  2022.3/staging
Build type:              Release
Batch mode:              YES
macOS version:           Version 14.0 (Build 23A344)
Darwin version:          23.0.0
Architecture:            arm64
Running under Rosetta:   NO
Available memory:        32768 MB
Using pre-set license
Pro License: YES

COMMAND LINE ARGUMENTS:
/Applications/Unity/Hub/Editor/2022.3.10f1/Unity.app/Contents/MacOS/Unity
-adb2
-batchMode
-noUpm
-name
AssetImportWorker2
-projectPath
/Users/marielsgtzz/Desktop/TERA/PatronesAnimales
-logFile
Logs/AssetImportWorker2.log
-srvPort
60016
Successfully changed project path to: /Users/marielsgtzz/Desktop/TERA/PatronesAnimales
/Users/marielsgtzz/Desktop/TERA/PatronesAnimales
[UnityMemory] Configuration Parameters - Can be set up in boot.config
    "memorysetup-bucket-allocator-granularity=16"
    "memorysetup-bucket-allocator-bucket-count=8"
    "memorysetup-bucket-allocator-block-size=33554432"
    "memorysetup-bucket-allocator-block-count=8"
    "memorysetup-main-allocator-block-size=16777216"
    "memorysetup-thread-allocator-block-size=16777216"
    "memorysetup-gfx-main-allocator-block-size=16777216"
    "memorysetup-gfx-thread-allocator-block-size=16777216"
    "memorysetup-cache-allocator-block-size=4194304"
    "memorysetup-typetree-allocator-block-size=2097152"
    "memorysetup-profiler-bucket-allocator-granularity=16"
    "memorysetup-profiler-bucket-allocator-bucket-count=8"
    "memorysetup-profiler-bucket-allocator-block-size=33554432"
    "memorysetup-profiler-bucket-allocator-block-count=8"
    "memorysetup-profiler-allocator-block-size=16777216"
    "memorysetup-profiler-editor-allocator-block-size=1048576"
    "memorysetup-temp-allocator-size-main=16777216"
    "memorysetup-job-temp-allocator-block-size=2097152"
    "memorysetup-job-temp-allocator-block-size-background=1048576"
    "memorysetup-job-temp-allocator-reduction-small-platforms=262144"
    "memorysetup-allocator-temp-initial-block-size-main=262144"
    "memorysetup-allocator-temp-initial-block-size-worker=262144"
    "memorysetup-temp-allocator-size-background-worker=32768"
    "memorysetup-temp-allocator-size-job-worker=262144"
    "memorysetup-temp-allocator-size-preload-manager=33554432"
    "memorysetup-temp-allocator-size-nav-mesh-worker=65536"
    "memorysetup-temp-allocator-size-audio-worker=65536"
    "memorysetup-temp-allocator-size-cloud-worker=32768"
    "memorysetup-temp-allocator-size-gi-baking-worker=262144"
    "memorysetup-temp-allocator-size-gfx=262144"
Player connection [8158188288] Host "[IP] 10.10.9.205 [Port] 0 [Flags] 2 [Guid] 4132634702 [EditorId] 4132634702 [Version] 1048832 [Id] OSXEditor(0,MacBook-Pro-de-Mariel.local) [Debug] 1 [PackageName] OSXEditor [ProjectName] Editor" joined multi-casting on [225.0.0.222:54997]...

Player connection [8158188288] Host "[IP] 10.10.9.205 [Port] 0 [Flags] 2 [Guid] 4132634702 [EditorId] 4132634702 [Version] 1048832 [Id] OSXEditor(0,MacBook-Pro-de-Mariel.local) [Debug] 1 [PackageName] OSXEditor [ProjectName] Editor" joined alternative multi-casting on [225.0.0.222:34997]...

[Physics::Module] Initialized MultithreadedJobDispatcher with 7 workers.
Refreshing native plugins compatible for Editor in 23.79 ms, found 6 plugins.
Preloading 4 native plugins for Editor in 793.39 ms.
Initialize engine version: 2022.3.10f1 (ff3792e53c62)
[Subsystems] Discovering subsystems at path /Applications/Unity/Hub/Editor/2022.3.10f1/Unity.app/Contents/Resources/UnitySubsystems
[Subsystems] Discovering subsystems at path /Users/marielsgtzz/Desktop/TERA/PatronesAnimales/Assets
GfxDevice: creating device client; threaded=0; jobified=0
 preferred device: Apple M1 Pro (high power)
Metal devices available: 1
0: Apple M1 Pro (high power)
Using device Apple M1 Pro (high power)
Initializing Metal device caps: Apple M1 Pro
Initialize mono
Mono path[0] = '/Applications/Unity/Hub/Editor/2022.3.10f1/Unity.app/Contents/Managed'
Mono path[1] = '/Applications/Unity/Hub/Editor/2022.3.10f1/Unity.app/Contents/MonoBleedingEdge/lib/mono/unityjit-macos'
Mono config path = '/Applications/Unity/Hub/Editor/2022.3.10f1/Unity.app/Contents/MonoBleedingEdge/etc'
Using monoOptions --debugger-agent=transport=dt_socket,embedding=1,server=y,suspend=n,address=127.0.0.1:56688
Begin MonoManager ReloadAssembly
Registering precompiled unity dll's ...
Register platform support module: /Applications/Unity/Hub/Editor/2022.3.10f1/Unity.app/Contents/PlaybackEngines/MacStandaloneSupport/UnityEditor.OSXStandalone.Extensions.dll
Register platform support module: /Applications/Unity/Hub/Editor/2022.3.10f1/PlaybackEngines/AndroidPlayer/UnityEditor.Android.Extensions.dll
Register platform support module: /Applications/Unity/Hub/Editor/2022.3.10f1/PlaybackEngines/iOSSupport/UnityEditor.iOS.Extensions.dll
Registered in 0.001613 seconds.
- Loaded All Assemblies, in  0.364 seconds
[usbmuxd] Start listen thread
[usbmuxd] Listen thread started
[usbmuxd] Send listen message
Native extension for iOS target not found
Native extension for Android target not found
Multiple ADB server instances found, the following ADB server instance have been terminated due to being run from another SDK. Process paths: 
/Applications/Unity/Hub/Editor/2021.3.18f1/PlaybackEngines/AndroidPlayer/SDK/platform-tools/adb
UnityEngine.StackTraceUtility:ExtractStackTrace () (at /Users/bokken/build/output/unity/unity/Runtime/Export/Scripting/StackTrace.cs:37)
UnityEngine.DebugLogHandler:LogFormat (UnityEngine.LogType,UnityEngine.Object,string,object[])
UnityEngine.Logger:Log (UnityEngine.LogType,object)
UnityEngine.Debug:Log (object)
UnityEditor.Android.AndroidDeploymentTargetsExtension:GetKnownTargets (UnityEditor.DeploymentTargets.IDeploymentTargetsMainThreadContext,UnityEditor.ProgressHandler)
UnityEditor.Android.TargetScanWorker:ScanSync ()
UnityEditor.Android.TargetExtension:OnUsbDevicesChanged (UnityEditor.Hardware.UsbDevice[])
UnityEditor.Android.TargetExtension:OnLoad ()
UnityEditor.Modules.ModuleManager:InitializePlatformSupportModules () (at /Users/bokken/build/output/unity/unity/Editor/Mono/Modules/ModuleManager.cs:147)

(Filename: /Users/bokken/build/output/unity/unity/Editor/Mono/Modules/ModuleManager.cs Line: 147)

Unable to list connected devices. 
* daemon not running; starting now at tcp:5037
ADB server didn't ACK
Full server startup log: /var/folders/0q/3b9plyyx4h5g7264h2km7c140000gn/T//adb.501.log
Server had pid: 48697
--- adb starting (pid 48697) ---
--- adb starting (pid 48698) ---
adb I 10-13 16:18:59 48698 2371174 main.cpp:63] Android Debug Bridge version 1.0.41
adb I 10-13 16:18:59 48698 2371174 main.cpp:63] Version 32.0.0-8006631
adb I 10-13 16:18:59 48698 2371174 main.cpp:63] Installed as /Applications/Unity/Hub/Editor/2022.3.10f1/PlaybackEngines/AndroidPlayer/SDK/platform-tools/adb
adb I 10-13 16:18:59 48698 2371174 main.cpp:63] 
adb I 10-13 16:18:59 48697 2371173 main.cpp:63] Android Debug Bridge version 1.0.41
adb I 10-13 16:18:59 48697 2371173 main.cpp:63] Version 32.0.0-8006631
adb I 10-13 16:18:59 48697 2371173 main.cpp:63] Installed as /Applications/Unity/Hub/Editor/2022.3.10f1/PlaybackEngines/AndroidPlayer/SDK/platform-tools/adb
adb I 10-13 16:18:59 48697 2371173 main.cpp:63] 
adb I 10-13 16:18:59 48698 2371174 auth.cpp:417] adb_auth_init...
adb I 10-13 16:18:59 48698 2371174 auth.cpp:152] loaded new key from '/Users/marielsgtzz/.android/adbkey' with fingerprint E6DB98C7616173D1F84ED4127FA96DF12E783BA5F1EDF12C51F03A407B23E569
adb F 10-13 16:19:00 48697 2371173 main.cpp:167] could not install *smartsocket* listener: Address already in use

* failed to start daemon
adb: failed to check server version: cannot connect to daemon

UnityEditor.Android.CommandInvokationFailure: Unable to list connected devices. 
/Applications/Unity/Hub/Editor/2022.3.10f1/PlaybackEngines/AndroidPlayer/SDK/platform-tools/adb devices

Environment Variables:
LAUNCH_DARKLY_CLIENT_TOKEN_STAGING = 60a7e30fafc7e60e33446282
XPC_SERVICE_NAME = application.com.unity3d.unityhub.59090522.59090528.DB00E337-458D-45DC-93EF-466CC973A030
WOOTRIC_CLIENT_TOKEN = NPS-aa8be4c3
XPC_FLAGS = 0x0
DEBUG_ENV_VAR = UnityHub
HEAP_CLIENT_TOKEN_STAGING = 3786794399
MallocNanoZone = 0
ORIGINAL_XDG_CURRENT_DESKTOP = undefined
SHELL = /bin/zsh
SSH_AUTH_SOCK = /private/tmp/com.apple.launchd.KIB2fBm7fw/Listeners
PATH = /usr/bin:/bin:/usr/sbin:/sbin
__CFBundleIdentifier = com.unity3d.unityhub
AMPLITUDE_API_KEY_STAGING = 83ee04fccc67e4fcc7dd527c4c6f1e21
AMPLITUDE_API_KEY = 28f3cae0b33b8b3702120c9ed1a935aa
HOME = /Users/marielsgtzz
USER = marielsgtzz
LAUNCH_DARKLY_CLIENT_TOKEN = 60a7e30fafc7e60e33446283
__CF_USER_TEXT_ENCODING = 0x1F5:0x0:0x56
HEAP_CLIENT_TOKEN = 1717415662
TMPDIR = /var/folders/0q/3b9plyyx4h5g7264h2km7c140000gn/T/
LOGNAME = marielsgtzz
SENTRY_ACCESS_TOKEN = 3df78d9e53f8456aa90fbae044ce1a6261421ab1d0014674bc2e933477289017
JAVA_TOOL_OPTIONS = -Dfile.encoding=UTF-8
COMMAND_MODE = unix2003


stderr[
* daemon not running; starting now at tcp:5037
ADB server didn't ACK
Full server startup log: /var/folders/0q/3b9plyyx4h5g7264h2km7c140000gn/T//adb.501.log
Server had pid: 48697
--- adb starting (pid 48697) ---
--- adb starting (pid 48698) ---
adb I 10-13 16:18:59 48698 2371174 main.cpp:63] Android Debug Bridge version 1.0.41
adb I 10-13 16:18:59 48698 2371174 main.cpp:63] Version 32.0.0-8006631
adb I 10-13 16:18:59 48698 2371174 main.cpp:63] Installed as /Applications/Unity/Hub/Editor/2022.3.10f1/PlaybackEngines/AndroidPlayer/SDK/platform-tools/adb
adb I 10-13 16:18:59 48698 2371174 main.cpp:63] 
adb I 10-13 16:18:59 48697 2371173 main.cpp:63] Android Debug Bridge version 1.0.41
adb I 10-13 16:18:59 48697 2371173 main.cpp:63] Version 32.0.0-8006631
adb I 10-13 16:18:59 48697 2371173 main.cpp:63] Installed as /Applications/Unity/Hub/Editor/2022.3.10f1/PlaybackEngines/AndroidPlayer/SDK/platform-tools/adb
adb I 10-13 16:18:59 48697 2371173 main.cpp:63] 
adb I 10-13 16:18:59 48698 2371174 auth.cpp:417] adb_auth_init...
adb I 10-13 16:18:59 48698 2371174 auth.cpp:152] loaded new key from '/Users/marielsgtzz/.android/adbkey' with fingerprint E6DB98C7616173D1F84ED4127FA96DF12E783BA5F1EDF12C51F03A407B23E569
adb F 10-13 16:19:00 48697 2371173 main.cpp:167] could not install *smartsocket* listener: Address already in use

* failed to start daemon
adb: failed to check server version: cannot connect to daemon
]
stdout[

]
exit code: 1
  at UnityEditor.Android.Command.WaitForProgramToRun (UnityEditor.Utils.Program p, UnityEditor.Android.Command+WaitingForProcessToExit waitingForProcessToExit, System.String errorMsg) [0x00033] in <eb865e8041b4430e8b16e0e96097bf17>:0 
  at UnityEditor.Android.Command.Run (System.Diagnostics.ProcessStartInfo psi, UnityEditor.Android.Command+WaitingForProcessToExit waitingForProcessToExit, System.String errorMsg) [0x0002d] in <eb865e8041b4430e8b16e0e96097bf17>:0 
  at UnityEditor.Android.Command.Run (System.String command, System.String args, System.String workingdir, UnityEditor.Android.Command+WaitingForProcessToExit waitingForProcessToExit, System.String errorMsg) [0x0000a] in <eb865e8041b4430e8b16e0e96097bf17>:0 
  at UnityEditor.Android.ADB.RunInternal (System.String[] command, UnityEditor.Android.Command+WaitingForProcessToExit waitingForProcessToExit, System.String errorMsg) [0x0001e] in <eb865e8041b4430e8b16e0e96097bf17>:0 
  at UnityEditor.Android.ADB.Run (System.String[] command, UnityEditor.Android.Command+WaitingForProcessToExit waitingForProcessToExit, System.String errorMsg) [0x00013] in <eb865e8041b4430e8b16e0e96097bf17>:0 
  at UnityEditor.Android.AndroidDeploymentTargetsExtension.GetKnownTargets (UnityEditor.DeploymentTargets.IDeploymentTargetsMainThreadContext context, UnityEditor.ProgressHandler progressHandler) [0x00284] in <eb865e8041b4430e8b16e0e96097bf17>:0 
UnityEngine.StackTraceUtility:ExtractStackTrace () (at /Users/bokken/build/output/unity/unity/Runtime/Export/Scripting/StackTrace.cs:37)
UnityEngine.DebugLogHandler:LogFormat (UnityEngine.LogType,UnityEngine.Object,string,object[])
UnityEngine.Logger:Log (UnityEngine.LogType,object)
UnityEngine.Debug:LogWarning (object)
UnityEditor.Android.AndroidDeploymentTargetsExtension:GetKnownTargets (UnityEditor.DeploymentTargets.IDeploymentTargetsMainThreadContext,UnityEditor.ProgressHandler)
UnityEditor.Android.TargetScanWorker:ScanSync ()
UnityEditor.Android.TargetExtension:OnUsbDevicesChanged (UnityEditor.Hardware.UsbDevice[])
UnityEditor.Android.TargetExtension:OnLoad ()
UnityEditor.Modules.ModuleManager:InitializePlatformSupportModules () (at /Users/bokken/build/output/unity/unity/Editor/Mono/Modules/ModuleManager.cs:147)

(Filename: /Users/bokken/build/output/unity/unity/Editor/Mono/Modules/ModuleManager.cs Line: 147)

Android Extension - Scanning For ADB Devices 803 ms
Native extension for OSXStandalone target not found
Mono: successfully reloaded assembly
- Finished resetting the current domain, in  1.121 seconds
Domain Reload Profiling: 1485ms
	BeginReloadAssembly (138ms)
		ExecutionOrderSort (0ms)
		DisableScriptedObjects (0ms)
		BackupInstance (0ms)
		ReleaseScriptingObjects (0ms)
		CreateAndSetChildDomain (0ms)
	RebuildCommonClasses (35ms)
	RebuildNativeTypeToScriptingClass (11ms)
	initialDomainReloadingComplete (39ms)
	LoadAllAssembliesAndSetupDomain (140ms)
		LoadAssemblies (138ms)
		RebuildTransferFunctionScriptingTraits (0ms)
		AnalyzeDomain (139ms)
			TypeCache.Refresh (138ms)
				TypeCache.ScanAssembly (125ms)
			ScanForSourceGeneratedMonoScriptInfo (0ms)
			ResolveRequiredComponents (0ms)
	FinalizeReload (1121ms)
		ReleaseScriptCaches (0ms)
		RebuildScriptCaches (0ms)
		SetupLoadedEditorAssemblies (1069ms)
			LogAssemblyErrors (0ms)
			InitializePlatformSupportModulesInManaged (963ms)
			SetLoadedEditorAssemblies (3ms)
			RefreshPlugins (0ms)
			BeforeProcessingInitializeOnLoad (1ms)
			ProcessInitializeOnLoadAttributes (69ms)
			ProcessInitializeOnLoadMethodAttributes (32ms)
			AfterProcessingInitializeOnLoad (0ms)
			EditorAssembliesLoaded (0ms)
		ExecutionOrderSort2 (0ms)
		AwakeInstancesAfterBackupRestoration (0ms)
========================================================================
Worker process is ready to serve import requests
Begin MonoManager ReloadAssembly
- Loaded All Assemblies, in  0.552 seconds
Refreshing native plugins compatible for Editor in 2.02 ms, found 6 plugins.
Native extension for iOS target not found
Native extension for Android target not found
Native extension for OSXStandalone target not found
Package Manager log level set to [2]
[Package Manager] Server::EnsureServerProcessIsRunning -- launch failed, reason: Unity was launched with the -noUpm command-line argument
[Package Manager] UpmClient::Send -- Unable to send message (not connected to UPM process).
[Package Manager] Cannot connect to Unity Package Manager local server
[Package Manager] Server::EnsureServerProcessIsRunning -- launch failed, reason: Unity was launched with the -noUpm command-line argument
[Package Manager] UpmClient::Send -- Unable to send message (not connected to UPM process).
[Package Manager] Cannot connect to Unity Package Manager local server
Mono: successfully reloaded assembly
[Package Manager] Server::EnsureServerProcessIsRunning -- launch failed, reason: Unity was launched with the -noUpm command-line argument
[Package Manager] UpmClient::Send -- Unable to send message (not connected to UPM process).
[Package Manager] Cannot connect to Unity Package Manager local server
[Package Manager] Server::EnsureServerProcessIsRunning -- launch failed, reason: Unity was launched with the -noUpm command-line argument
[Package Manager] UpmClient::Send -- Unable to send message (not connected to UPM process).
[Package Manager] Cannot connect to Unity Package Manager local server
- Finished resetting the current domain, in  0.546 seconds
Domain Reload Profiling: 1099ms
	BeginReloadAssembly (104ms)
		ExecutionOrderSort (0ms)
		DisableScriptedObjects (4ms)
		BackupInstance (0ms)
		ReleaseScriptingObjects (0ms)
		CreateAndSetChildDomain (23ms)
	RebuildCommonClasses (35ms)
	RebuildNativeTypeToScriptingClass (11ms)
	initialDomainReloadingComplete (31ms)
	LoadAllAssembliesAndSetupDomain (371ms)
		LoadAssemblies (214ms)
		RebuildTransferFunctionScriptingTraits (0ms)
		AnalyzeDomain (203ms)
			TypeCache.Refresh (177ms)
				TypeCache.ScanAssembly (159ms)
			ScanForSourceGeneratedMonoScriptInfo (14ms)
			ResolveRequiredComponents (11ms)
	FinalizeReload (547ms)
		ReleaseScriptCaches (0ms)
		RebuildScriptCaches (0ms)
		SetupLoadedEditorAssemblies (378ms)
			LogAssemblyErrors (0ms)
			InitializePlatformSupportModulesInManaged (24ms)
			SetLoadedEditorAssemblies (4ms)
			RefreshPlugins (0ms)
			BeforeProcessingInitializeOnLoad (55ms)
			ProcessInitializeOnLoadAttributes (246ms)
			ProcessInitializeOnLoadMethodAttributes (48ms)
			AfterProcessingInitializeOnLoad (1ms)
			EditorAssembliesLoaded (0ms)
		ExecutionOrderSort2 (0ms)
		AwakeInstancesAfterBackupRestoration (3ms)
Launching external process: /Applications/Unity/Hub/Editor/2022.3.10f1/Unity.app/Contents/Tools/UnityShaderCompiler
Launched and connected shader compiler UnityShaderCompiler after 0.36 seconds
Refreshing native plugins compatible for Editor in 1.87 ms, found 6 plugins.
Preloading 4 native plugins for Editor in 6.80 ms.
Unloading 5031 Unused Serialized files (Serialized files now loaded: 0)
Unloading 94 unused Assets / (0.8 MB). Loaded Objects now: 5791.
Memory consumption went from 212.2 MB to 211.4 MB.
Total: 3.561250 ms (FindLiveObjects: 0.193375 ms CreateObjectMapping: 0.088333 ms MarkObjects: 2.875208 ms  DeleteObjects: 0.403917 ms)

AssetImportParameters requested are different than current active one (requested -> active):
  custom:container-demuxer-ogg: 62fdf1f143b41e24485cea50d1cbac27 -> 
  custom:video-decoder-ogg-theora: a1e56fd34408186e4bbccfd4996cb3dc -> 
  custom:scripting/monoscript/fileName/DinosaurioObject.cs: 4cf92a50f386ad56be8ec127393769f7 -> 8338fe92c63ec17aa7a9f8b7ee1b1e66
  custom:scripting/monoscript/fileName/Dinosaurio.cs: 5107e709eb4f4b18a4b685de97f700ae -> 00321b2e65e67af997239c0421d5a683
  custom:CustomObjectIndexerAttribute: a3ef5dd2817f97addfee359851a9dba5 -> 
  custom:container-demuxer-webm: 4f35f7cbe854078d1ac9338744f61a02 -> 
  custom:scripting/monoscript/fileName/TipoDinosaurioSO.cs: c9520753fbe001d973074abaa6f5ffd2 -> 56459d1dbff62fbd93bb9f046bd29afa
  custom:container-muxer-webm: aa71ff27fc2769a1b78a27578f13a17b -> 
  custom:video-decoder-webm-vp8: 9c59270c3fd7afecdb556c50c9e8de78 -> 
  custom:SearchIndexIgnoredProperties: e643bd26f0fe6173181afceb89e7c659 -> 
  custom:AudioImporter_EditorPlatform: 3918e3fc78b5a79bad01e8451be0beb8 -> 
  custom:scripting/monoscript/fileName/TipDinosaurio.cs: 24449f9c659d20ac8fff6d005a89ccb8 -> 23fe989cd11cd33bc2a0e528dff25a44
  custom:scripting/monoscript/fileName/DinosaurioSO.cs: 088ef499a07aa94e11115a8450ad666f -> d50d55e351f43aa8f82b3132a715c49e
  custom:framework-osx-AVFoundation: e770b220cccbd017edd2c1fefb359320 -> 
  custom:video-encoder-webm-vp8: eb34c28f22e8b96e1ab97ce403110664 -> 
  custom:audio-decoder-ogg-vorbis: bf7c407c2cedff20999df2af8eb42d56 -> 
  custom:scripting/monoscript/fileName/AppController.cs: c23a4e3f707decfcbbeb8cf39ce5e67f -> 36f89cdd8900bee1797940b7d37deddc
  custom:audio-encoder-webm-vorbis: bf7c407c2cedff20999df2af8eb42d56 -> 
  custom:scripting/monoscript/fileName/AddVuforiaEnginePackage.cs: 7bbb3281b461f645456604967db73ad5 -> e1a5f910902baaddc7e62bf0df6991ca
========================================================================
Received Import Request.
  Time since last request: 161716.835608 seconds.
  path: Assets/Materials/Esfera1.mat
  artifactKey: Guid(0e5abfca288a1485a83f74fc23826865) Importer(815301076,1909f56bfc062723c751e8b465ee728b)
Start importing Assets/Materials/Esfera1.mat using Guid(0e5abfca288a1485a83f74fc23826865) Importer(815301076,1909f56bfc062723c751e8b465ee728b)  -> (artifact id: '0589643a707db599e02947acab3bc691') in 0.065065 seconds
Number of updated asset objects reloaded before import = 0
Number of asset objects unloaded after import = 2
